# JRE version: OpenJDK Runtime Environment (8.0_242-b01) (build 1.8.0_242-release-1644-b01)
# Java VM: OpenJDK 64-Bit Server VM (25.242-b01 mixed mode windows-amd64 compressed oops)
Heap:
 PSYoungGen      total 136192K, used 91896K [0x00000000d5580000, 0x00000000de480000, 0x0000000100000000)
  eden space 126464K, 64% used [0x00000000d5580000,0x00000000da5bf3a8,0x00000000dd100000)
  from space 9728K, 99% used [0x00000000dd100000,0x00000000dda7eef0,0x00000000dda80000)
  to   space 9216K, 0% used [0x00000000dda80000,0x00000000dda80000,0x00000000de380000)
 ParOldGen       total 58368K, used 21248K [0x0000000080000000, 0x0000000083900000, 0x00000000d5580000)
  object space 58368K, 36% used [0x0000000080000000,0x00000000814c00a8,0x0000000083900000)
 Metaspace       used 51844K, capacity 53738K, committed 53808K, reserved 1095680K
  class space    used 6995K, capacity 7446K, committed 7472K, reserved 1048576K
GC Heap History (10 events):
Event: 3.150 GC heap before
{Heap before GC invocations=7 (full 1):
 PSYoungGen      total 135680K, used 7059K [0x00000000d5580000, 0x00000000de480000, 0x0000000100000000)
  eden space 126464K, 0% used [0x00000000d5580000,0x00000000d5580000,0x00000000dd100000)
  from space 9216K, 76% used [0x00000000dda80000,0x00000000de164d98,0x00000000de380000)
  to   space 9728K, 0% used [0x00000000dd100000,0x00000000dd100000,0x00000000dda80000)
 ParOldGen       total 42496K, used 11388K [0x0000000080000000, 0x0000000082980000, 0x00000000d5580000)
  object space 42496K, 26% used [0x0000000080000000,0x0000000080b1f0f8,0x0000000082980000)
 Metaspace       used 20549K, capacity 21240K, committed 21296K, reserved 1067008K
  class space    used 2873K, capacity 3088K, committed 3120K, reserved 1048576K
Event: 3.185 GC heap after
Heap after GC invocations=7 (full 1):
 PSYoungGen      total 135680K, used 0K [0x00000000d5580000, 0x00000000de480000, 0x0000000100000000)
  eden space 126464K, 0% used [0x00000000d5580000,0x00000000d5580000,0x00000000dd100000)
  from space 9216K, 0% used [0x00000000dda80000,0x00000000dda80000,0x00000000de380000)
  to   space 9728K, 0% used [0x00000000dd100000,0x00000000dd100000,0x00000000dda80000)
 ParOldGen       total 43520K, used 14236K [0x0000000080000000, 0x0000000082a80000, 0x00000000d5580000)
  object space 43520K, 32% used [0x0000000080000000,0x0000000080de70e8,0x0000000082a80000)
 Metaspace       used 20549K, capacity 21240K, committed 21296K, reserved 1067008K
  class space    used 2873K, capacity 3088K, committed 3120K, reserved 1048576K
}
Event: 4.185 GC heap before
{Heap before GC invocations=8 (full 1):
 PSYoungGen      total 135680K, used 126464K [0x00000000d5580000, 0x00000000de480000, 0x0000000100000000)
  eden space 126464K, 100% used [0x00000000d5580000,0x00000000dd100000,0x00000000dd100000)
  from space 9216K, 0% used [0x00000000dda80000,0x00000000dda80000,0x00000000de380000)
  to   space 9728K, 0% used [0x00000000dd100000,0x00000000dd100000,0x00000000dda80000)
 ParOldGen       total 43520K, used 14236K [0x0000000080000000, 0x0000000082a80000, 0x00000000d5580000)
  object space 43520K, 32% used [0x0000000080000000,0x0000000080de70e8,0x0000000082a80000)
 Metaspace       used 31876K, capacity 32702K, committed 32816K, reserved 1077248K
  class space    used 4338K, capacity 4579K, committed 4656K, reserved 1048576K
Event: 4.205 GC heap after
Heap after GC invocations=8 (full 1):
 PSYoungGen      total 136192K, used 9698K [0x00000000d5580000, 0x00000000de480000, 0x0000000100000000)
  eden space 126464K, 0% used [0x00000000d5580000,0x00000000d5580000,0x00000000dd100000)
  from space 9728K, 99% used [0x00000000dd100000,0x00000000dda78af0,0x00000000dda80000)
  to   space 9216K, 0% used [0x00000000dda80000,0x00000000dda80000,0x00000000de380000)
 ParOldGen       total 43520K, used 17581K [0x0000000080000000, 0x0000000082a80000, 0x00000000d5580000)
  object space 43520K, 40% used [0x0000000080000000,0x000000008112b5a8,0x0000000082a80000)
 Metaspace       used 31876K, capacity 32702K, committed 32816K, reserved 1077248K
  class space    used 4338K, capacity 4579K, committed 4656K, reserved 1048576K
}
Event: 4.636 GC heap before
{Heap before GC invocations=9 (full 1):
 PSYoungGen      total 136192K, used 64465K [0x00000000d5580000, 0x00000000de480000, 0x0000000100000000)
  eden space 126464K, 43% used [0x00000000d5580000,0x00000000d8afbb18,0x00000000dd100000)
  from space 9728K, 99% used [0x00000000dd100000,0x00000000dda78af0,0x00000000dda80000)
  to   space 9216K, 0% used [0x00000000dda80000,0x00000000dda80000,0x00000000de380000)
 ParOldGen       total 43520K, used 17581K [0x0000000080000000, 0x0000000082a80000, 0x00000000d5580000)
  object space 43520K, 40% used [0x0000000080000000,0x000000008112b5a8,0x0000000082a80000)
 Metaspace       used 34561K, capacity 35428K, committed 35496K, reserved 1079296K
  class space    used 4741K, capacity 4977K, committed 5040K, reserved 1048576K
Event: 4.648 GC heap after
Heap after GC invocations=9 (full 1):
 PSYoungGen      total 135680K, used 9185K [0x00000000d5580000, 0x00000000de480000, 0x0000000100000000)
  eden space 126464K, 0% used [0x00000000d5580000,0x00000000d5580000,0x00000000dd100000)
  from space 9216K, 99% used [0x00000000dda80000,0x00000000de3786e8,0x00000000de380000)
  to   space 9728K, 0% used [0x00000000dd100000,0x00000000dd100000,0x00000000dda80000)
 ParOldGen       total 43520K, used 17589K [0x0000000080000000, 0x0000000082a80000, 0x00000000d5580000)
  object space 43520K, 40% used [0x0000000080000000,0x000000008112d5a8,0x0000000082a80000)
 Metaspace       used 34561K, capacity 35428K, committed 35496K, reserved 1079296K
  class space    used 4741K, capacity 4977K, committed 5040K, reserved 1048576K
}
Event: 4.648 GC heap before
{Heap before GC invocations=10 (full 2):
 PSYoungGen      total 135680K, used 9185K [0x00000000d5580000, 0x00000000de480000, 0x0000000100000000)
  eden space 126464K, 0% used [0x00000000d5580000,0x00000000d5580000,0x00000000dd100000)
  from space 9216K, 99% used [0x00000000dda80000,0x00000000de3786e8,0x00000000de380000)
  to   space 9728K, 0% used [0x00000000dd100000,0x00000000dd100000,0x00000000dda80000)
 ParOldGen       total 43520K, used 17589K [0x0000000080000000, 0x0000000082a80000, 0x00000000d5580000)
  object space 43520K, 40% used [0x0000000080000000,0x000000008112d5a8,0x0000000082a80000)
 Metaspace       used 34561K, capacity 35428K, committed 35496K, reserved 1079296K
  class space    used 4741K, capacity 4977K, committed 5040K, reserved 1048576K
Event: 4.703 GC heap after
Heap after GC invocations=10 (full 2):
 PSYoungGen      total 135680K, used 0K [0x00000000d5580000, 0x00000000de480000, 0x0000000100000000)
  eden space 126464K, 0% used [0x00000000d5580000,0x00000000d5580000,0x00000000dd100000)
  from space 9216K, 0% used [0x00000000dda80000,0x00000000dda80000,0x00000000de380000)
  to   space 9728K, 0% used [0x00000000dd100000,0x00000000dd100000,0x00000000dda80000)
 ParOldGen       total 58368K, used 15699K [0x0000000080000000, 0x0000000083900000, 0x00000000d5580000)
  object space 58368K, 26% used [0x0000000080000000,0x0000000080f54fd8,0x0000000083900000)
 Metaspace       used 34561K, capacity 35428K, committed 35496K, reserved 1079296K
  class space    used 4741K, capacity 4977K, committed 5040K, reserved 1048576K
}
Event: 6.389 GC heap before
{Heap before GC invocations=11 (full 2):
 PSYoungGen      total 135680K, used 126464K [0x00000000d5580000, 0x00000000de480000, 0x0000000100000000)
  eden space 126464K, 100% used [0x00000000d5580000,0x00000000dd100000,0x00000000dd100000)
  from space 9216K, 0% used [0x00000000dda80000,0x00000000dda80000,0x00000000de380000)
  to   space 9728K, 0% used [0x00000000dd100000,0x00000000dd100000,0x00000000dda80000)
 ParOldGen       total 58368K, used 15699K [0x0000000080000000, 0x0000000083900000, 0x00000000d5580000)
  object space 58368K, 26% used [0x0000000080000000,0x0000000080f54fd8,0x0000000083900000)
 Metaspace       used 44653K, capacity 46256K, committed 46512K, reserved 1089536K
  class space    used 6040K, capacity 6466K, committed 6576K, reserved 1048576K
Event: 6.406 GC heap after
Heap after GC invocations=11 (full 2):
 PSYoungGen      total 136192K, used 9723K [0x00000000d5580000, 0x00000000de480000, 0x0000000100000000)
  eden space 126464K, 0% used [0x00000000d5580000,0x00000000d5580000,0x00000000dd100000)
  from space 9728K, 99% used [0x00000000dd100000,0x00000000dda7eef0,0x00000000dda80000)
  to   space 9216K, 0% used [0x00000000dda80000,0x00000000dda80000,0x00000000de380000)
 ParOldGen       total 58368K, used 21248K [0x0000000080000000, 0x0000000083900000, 0x00000000d5580000)
  object space 58368K, 36% used [0x0000000080000000,0x00000000814c00a8,0x0000000083900000)
 Metaspace       used 44653K, capacity 46256K, committed 46512K, reserved 1089536K
  class space    used 6040K, capacity 6466K, committed 6576K, reserved 1048576K
}

