# JRE version: OpenJDK Runtime Environment (8.0_242-b01) (build 1.8.0_242-release-1644-b01)
# Java VM: OpenJDK 64-Bit Server VM (25.242-b01 mixed mode windows-amd64 compressed oops)
Heap:
 PSYoungGen      total 200192K, used 54304K [0x00000000d5580000, 0x00000000e2600000, 0x0000000100000000)
  eden space 187904K, 28% used [0x00000000d5580000,0x00000000d8a881e8,0x00000000e0d00000)
  from space 12288K, 0% used [0x00000000e1980000,0x00000000e1980000,0x00000000e2580000)
  to   space 12800K, 0% used [0x00000000e0d00000,0x00000000e0d00000,0x00000000e1980000)
 ParOldGen       total 29696K, used 15727K [0x0000000080000000, 0x0000000081d00000, 0x00000000d5580000)
  object space 29696K, 52% used [0x0000000080000000,0x0000000080f5bc28,0x0000000081d00000)
 Metaspace       used 36163K, capacity 37536K, committed 37672K, reserved 1081344K
  class space    used 4995K, capacity 5322K, committed 5424K, reserved 1048576K
GC Heap History (10 events):
Event: 5.968 GC heap before
{Heap before GC invocations=8 (full 0):
 PSYoungGen      total 69120K, used 13884K [0x00000000d5580000, 0x00000000de280000, 0x0000000100000000)
  eden space 62464K, 11% used [0x00000000d5580000,0x00000000d5c93f68,0x00000000d9280000)
  from space 6656K, 99% used [0x00000000d9280000,0x00000000d98fb460,0x00000000d9900000)
  to   space 9728K, 0% used [0x00000000dd900000,0x00000000dd900000,0x00000000de280000)
 ParOldGen       total 42496K, used 8862K [0x0000000080000000, 0x0000000082980000, 0x00000000d5580000)
  object space 42496K, 20% used [0x0000000080000000,0x00000000808a7868,0x0000000082980000)
 Metaspace       used 20537K, capacity 21240K, committed 21296K, reserved 1067008K
  class space    used 2876K, capacity 3088K, committed 3120K, reserved 1048576K
Event: 5.973 GC heap after
Heap after GC invocations=8 (full 0):
 PSYoungGen      total 133632K, used 4635K [0x00000000d5580000, 0x00000000de180000, 0x0000000100000000)
  eden space 124928K, 0% used [0x00000000d5580000,0x00000000d5580000,0x00000000dcf80000)
  from space 8704K, 53% used [0x00000000dd900000,0x00000000ddd86da8,0x00000000de180000)
  to   space 9216K, 0% used [0x00000000dcf80000,0x00000000dcf80000,0x00000000dd880000)
 ParOldGen       total 42496K, used 9406K [0x0000000080000000, 0x0000000082980000, 0x00000000d5580000)
  object space 42496K, 22% used [0x0000000080000000,0x000000008092f868,0x0000000082980000)
 Metaspace       used 20537K, capacity 21240K, committed 21296K, reserved 1067008K
  class space    used 2876K, capacity 3088K, committed 3120K, reserved 1048576K
}
Event: 5.973 GC heap before
{Heap before GC invocations=9 (full 1):
 PSYoungGen      total 133632K, used 4635K [0x00000000d5580000, 0x00000000de180000, 0x0000000100000000)
  eden space 124928K, 0% used [0x00000000d5580000,0x00000000d5580000,0x00000000dcf80000)
  from space 8704K, 53% used [0x00000000dd900000,0x00000000ddd86da8,0x00000000de180000)
  to   space 9216K, 0% used [0x00000000dcf80000,0x00000000dcf80000,0x00000000dd880000)
 ParOldGen       total 42496K, used 9406K [0x0000000080000000, 0x0000000082980000, 0x00000000d5580000)
  object space 42496K, 22% used [0x0000000080000000,0x000000008092f868,0x0000000082980000)
 Metaspace       used 20537K, capacity 21240K, committed 21296K, reserved 1067008K
  class space    used 2876K, capacity 3088K, committed 3120K, reserved 1048576K
Event: 6.000 GC heap after
Heap after GC invocations=9 (full 1):
 PSYoungGen      total 133632K, used 0K [0x00000000d5580000, 0x00000000de180000, 0x0000000100000000)
  eden space 124928K, 0% used [0x00000000d5580000,0x00000000d5580000,0x00000000dcf80000)
  from space 8704K, 0% used [0x00000000dd900000,0x00000000dd900000,0x00000000de180000)
  to   space 9216K, 0% used [0x00000000dcf80000,0x00000000dcf80000,0x00000000dd880000)
 ParOldGen       total 29696K, used 7407K [0x0000000080000000, 0x0000000081d00000, 0x00000000d5580000)
  object space 29696K, 24% used [0x0000000080000000,0x000000008073bc68,0x0000000081d00000)
 Metaspace       used 20537K, capacity 21240K, committed 21296K, reserved 1067008K
  class space    used 2876K, capacity 3088K, committed 3120K, reserved 1048576K
}
Event: 7.242 GC heap before
{Heap before GC invocations=10 (full 1):
 PSYoungGen      total 133632K, used 124928K [0x00000000d5580000, 0x00000000de180000, 0x0000000100000000)
  eden space 124928K, 100% used [0x00000000d5580000,0x00000000dcf80000,0x00000000dcf80000)
  from space 8704K, 0% used [0x00000000dd900000,0x00000000dd900000,0x00000000de180000)
  to   space 9216K, 0% used [0x00000000dcf80000,0x00000000dcf80000,0x00000000dd880000)
 ParOldGen       total 29696K, used 7407K [0x0000000080000000, 0x0000000081d00000, 0x00000000d5580000)
  object space 29696K, 24% used [0x0000000080000000,0x000000008073bc68,0x0000000081d00000)
 Metaspace       used 31920K, capacity 32702K, committed 32816K, reserved 1077248K
  class space    used 4348K, capacity 4579K, committed 4656K, reserved 1048576K
Event: 7.267 GC heap after
Heap after GC invocations=10 (full 1):
 PSYoungGen      total 134144K, used 9198K [0x00000000d5580000, 0x00000000e2580000, 0x0000000100000000)
  eden space 124928K, 0% used [0x00000000d5580000,0x00000000d5580000,0x00000000dcf80000)
  from space 9216K, 99% used [0x00000000dcf80000,0x00000000dd87b928,0x00000000dd880000)
  to   space 12288K, 0% used [0x00000000e1980000,0x00000000e1980000,0x00000000e2580000)
 ParOldGen       total 29696K, used 11184K [0x0000000080000000, 0x0000000081d00000, 0x00000000d5580000)
  object space 29696K, 37% used [0x0000000080000000,0x0000000080aec218,0x0000000081d00000)
 Metaspace       used 31920K, capacity 32702K, committed 32816K, reserved 1077248K
  class space    used 4348K, capacity 4579K, committed 4656K, reserved 1048576K
}
Event: 7.682 GC heap before
{Heap before GC invocations=11 (full 1):
 PSYoungGen      total 134144K, used 63456K [0x00000000d5580000, 0x00000000e2580000, 0x0000000100000000)
  eden space 124928K, 43% used [0x00000000d5580000,0x00000000d8a7ca60,0x00000000dcf80000)
  from space 9216K, 99% used [0x00000000dcf80000,0x00000000dd87b928,0x00000000dd880000)
  to   space 12288K, 0% used [0x00000000e1980000,0x00000000e1980000,0x00000000e2580000)
 ParOldGen       total 29696K, used 11184K [0x0000000080000000, 0x0000000081d00000, 0x00000000d5580000)
  object space 29696K, 37% used [0x0000000080000000,0x0000000080aec218,0x0000000081d00000)
 Metaspace       used 34570K, capacity 35416K, committed 35496K, reserved 1079296K
  class space    used 4742K, capacity 4975K, committed 5040K, reserved 1048576K
Event: 7.692 GC heap after
Heap after GC invocations=11 (full 1):
 PSYoungGen      total 200192K, used 9094K [0x00000000d5580000, 0x00000000e2600000, 0x0000000100000000)
  eden space 187904K, 0% used [0x00000000d5580000,0x00000000d5580000,0x00000000e0d00000)
  from space 12288K, 74% used [0x00000000e1980000,0x00000000e2261a60,0x00000000e2580000)
  to   space 12800K, 0% used [0x00000000e0d00000,0x00000000e0d00000,0x00000000e1980000)
 ParOldGen       total 29696K, used 11192K [0x0000000080000000, 0x0000000081d00000, 0x00000000d5580000)
  object space 29696K, 37% used [0x0000000080000000,0x0000000080aee218,0x0000000081d00000)
 Metaspace       used 34570K, capacity 35416K, committed 35496K, reserved 1079296K
  class space    used 4742K, capacity 4975K, committed 5040K, reserved 1048576K
}
Event: 7.692 GC heap before
{Heap before GC invocations=12 (full 2):
 PSYoungGen      total 200192K, used 9094K [0x00000000d5580000, 0x00000000e2600000, 0x0000000100000000)
  eden space 187904K, 0% used [0x00000000d5580000,0x00000000d5580000,0x00000000e0d00000)
  from space 12288K, 74% used [0x00000000e1980000,0x00000000e2261a60,0x00000000e2580000)
  to   space 12800K, 0% used [0x00000000e0d00000,0x00000000e0d00000,0x00000000e1980000)
 ParOldGen       total 29696K, used 11192K [0x0000000080000000, 0x0000000081d00000, 0x00000000d5580000)
  object space 29696K, 37% used [0x0000000080000000,0x0000000080aee218,0x0000000081d00000)
 Metaspace       used 34570K, capacity 35416K, committed 35496K, reserved 1079296K
  class space    used 4742K, capacity 4975K, committed 5040K, reserved 1048576K
Event: 7.732 GC heap after
Heap after GC invocations=12 (full 2):
 PSYoungGen      total 200192K, used 0K [0x00000000d5580000, 0x00000000e2600000, 0x0000000100000000)
  eden space 187904K, 0% used [0x00000000d5580000,0x00000000d5580000,0x00000000e0d00000)
  from space 12288K, 0% used [0x00000000e1980000,0x00000000e1980000,0x00000000e2580000)
  to   space 12800K, 0% used [0x00000000e0d00000,0x00000000e0d00000,0x00000000e1980000)
 ParOldGen       total 29696K, used 15727K [0x0000000080000000, 0x0000000081d00000, 0x00000000d5580000)
  object space 29696K, 52% used [0x0000000080000000,0x0000000080f5bc28,0x0000000081d00000)
 Metaspace       used 34570K, capacity 35416K, committed 35496K, reserved 1079296K
  class space    used 4742K, capacity 4975K, committed 5040K, reserved 1048576K
}

