# JRE version: OpenJDK Runtime Environment (8.0_242-b01) (build 1.8.0_242-release-1644-b01)
# Java VM: OpenJDK 64-Bit Server VM (25.242-b01 mixed mode windows-amd64 compressed oops)
Heap:
 PSYoungGen      total 187904K, used 9605K [0x00000000d5580000, 0x00000000e1a80000, 0x0000000100000000)
  eden space 175616K, 5% used [0x00000000d5580000,0x00000000d5ee1568,0x00000000e0100000)
  from space 12288K, 0% used [0x00000000e0d80000,0x00000000e0d80000,0x00000000e1980000)
  to   space 12800K, 0% used [0x00000000e0100000,0x00000000e0100000,0x00000000e0d80000)
 ParOldGen       total 79872K, used 35388K [0x0000000080000000, 0x0000000084e00000, 0x00000000d5580000)
  object space 79872K, 44% used [0x0000000080000000,0x000000008228f3a8,0x0000000084e00000)
 Metaspace       used 57284K, capacity 59552K, committed 59688K, reserved 1099776K
  class space    used 7914K, capacity 8435K, committed 8496K, reserved 1048576K
GC Heap History (10 events):
Event: 12.120 GC heap before
{Heap before GC invocations=11 (full 1):
 PSYoungGen      total 134144K, used 62102K [0x00000000d5580000, 0x00000000e1980000, 0x0000000100000000)
  eden space 124928K, 42% used [0x00000000d5580000,0x00000000d8929208,0x00000000dcf80000)
  from space 9216K, 99% used [0x00000000dcf80000,0x00000000dd87c858,0x00000000dd880000)
  to   space 12288K, 0% used [0x00000000e0d80000,0x00000000e0d80000,0x00000000e1980000)
 ParOldGen       total 32256K, used 11721K [0x0000000080000000, 0x0000000081f80000, 0x00000000d5580000)
  object space 32256K, 36% used [0x0000000080000000,0x0000000080b726e8,0x0000000081f80000)
 Metaspace       used 34574K, capacity 35416K, committed 35496K, reserved 1079296K
  class space    used 4743K, capacity 4975K, committed 5040K, reserved 1048576K
Event: 12.133 GC heap after
Heap after GC invocations=11 (full 1):
 PSYoungGen      total 187904K, used 9041K [0x00000000d5580000, 0x00000000e1a80000, 0x0000000100000000)
  eden space 175616K, 0% used [0x00000000d5580000,0x00000000d5580000,0x00000000e0100000)
  from space 12288K, 73% used [0x00000000e0d80000,0x00000000e16544f0,0x00000000e1980000)
  to   space 12800K, 0% used [0x00000000e0100000,0x00000000e0100000,0x00000000e0d80000)
 ParOldGen       total 32256K, used 11729K [0x0000000080000000, 0x0000000081f80000, 0x00000000d5580000)
  object space 32256K, 36% used [0x0000000080000000,0x0000000080b746e8,0x0000000081f80000)
 Metaspace       used 34574K, capacity 35416K, committed 35496K, reserved 1079296K
  class space    used 4743K, capacity 4975K, committed 5040K, reserved 1048576K
}
Event: 12.133 GC heap before
{Heap before GC invocations=12 (full 2):
 PSYoungGen      total 187904K, used 9041K [0x00000000d5580000, 0x00000000e1a80000, 0x0000000100000000)
  eden space 175616K, 0% used [0x00000000d5580000,0x00000000d5580000,0x00000000e0100000)
  from space 12288K, 73% used [0x00000000e0d80000,0x00000000e16544f0,0x00000000e1980000)
  to   space 12800K, 0% used [0x00000000e0100000,0x00000000e0100000,0x00000000e0d80000)
 ParOldGen       total 32256K, used 11729K [0x0000000080000000, 0x0000000081f80000, 0x00000000d5580000)
  object space 32256K, 36% used [0x0000000080000000,0x0000000080b746e8,0x0000000081f80000)
 Metaspace       used 34574K, capacity 35416K, committed 35496K, reserved 1079296K
  class space    used 4743K, capacity 4975K, committed 5040K, reserved 1048576K
Event: 12.175 GC heap after
Heap after GC invocations=12 (full 2):
 PSYoungGen      total 187904K, used 0K [0x00000000d5580000, 0x00000000e1a80000, 0x0000000100000000)
  eden space 175616K, 0% used [0x00000000d5580000,0x00000000d5580000,0x00000000e0100000)
  from space 12288K, 0% used [0x00000000e0d80000,0x00000000e0d80000,0x00000000e1980000)
  to   space 12800K, 0% used [0x00000000e0100000,0x00000000e0100000,0x00000000e0d80000)
 ParOldGen       total 47104K, used 16057K [0x0000000080000000, 0x0000000082e00000, 0x00000000d5580000)
  object space 47104K, 34% used [0x0000000080000000,0x0000000080fae7c0,0x0000000082e00000)
 Metaspace       used 34574K, capacity 35416K, committed 35496K, reserved 1079296K
  class space    used 4743K, capacity 4975K, committed 5040K, reserved 1048576K
}
Event: 15.005 GC heap before
{Heap before GC invocations=13 (full 2):
 PSYoungGen      total 187904K, used 175616K [0x00000000d5580000, 0x00000000e1a80000, 0x0000000100000000)
  eden space 175616K, 100% used [0x00000000d5580000,0x00000000e0100000,0x00000000e0100000)
  from space 12288K, 0% used [0x00000000e0d80000,0x00000000e0d80000,0x00000000e1980000)
  to   space 12800K, 0% used [0x00000000e0100000,0x00000000e0100000,0x00000000e0d80000)
 ParOldGen       total 47104K, used 16057K [0x0000000080000000, 0x0000000082e00000, 0x00000000d5580000)
  object space 47104K, 34% used [0x0000000080000000,0x0000000080fae7c0,0x0000000082e00000)
 Metaspace       used 49524K, capacity 51148K, committed 51368K, reserved 1093632K
  class space    used 6624K, capacity 7017K, committed 7088K, reserved 1048576K
Event: 15.024 GC heap after
Heap after GC invocations=13 (full 2):
 PSYoungGen      total 188416K, used 12794K [0x00000000d5580000, 0x00000000e1a80000, 0x0000000100000000)
  eden space 175616K, 0% used [0x00000000d5580000,0x00000000d5580000,0x00000000e0100000)
  from space 12800K, 99% used [0x00000000e0100000,0x00000000e0d7e878,0x00000000e0d80000)
  to   space 12288K, 0% used [0x00000000e0d80000,0x00000000e0d80000,0x00000000e1980000)
 ParOldGen       total 47104K, used 24352K [0x0000000080000000, 0x0000000082e00000, 0x00000000d5580000)
  object space 47104K, 51% used [0x0000000080000000,0x00000000817c81e0,0x0000000082e00000)
 Metaspace       used 49524K, capacity 51148K, committed 51368K, reserved 1093632K
  class space    used 6624K, capacity 7017K, committed 7088K, reserved 1048576K
}
Event: 16.134 GC heap before
{Heap before GC invocations=14 (full 2):
 PSYoungGen      total 188416K, used 115723K [0x00000000d5580000, 0x00000000e1a80000, 0x0000000100000000)
  eden space 175616K, 58% used [0x00000000d5580000,0x00000000dba045e0,0x00000000e0100000)
  from space 12800K, 99% used [0x00000000e0100000,0x00000000e0d7e878,0x00000000e0d80000)
  to   space 12288K, 0% used [0x00000000e0d80000,0x00000000e0d80000,0x00000000e1980000)
 ParOldGen       total 47104K, used 24352K [0x0000000080000000, 0x0000000082e00000, 0x00000000d5580000)
  object space 47104K, 51% used [0x0000000080000000,0x00000000817c81e0,0x0000000082e00000)
 Metaspace       used 56839K, capacity 59076K, committed 59160K, reserved 1099776K
  class space    used 7788K, capacity 8313K, committed 8368K, reserved 1048576K
Event: 16.158 GC heap after
Heap after GC invocations=14 (full 2):
 PSYoungGen      total 187904K, used 12287K [0x00000000d5580000, 0x00000000e1a80000, 0x0000000100000000)
  eden space 175616K, 0% used [0x00000000d5580000,0x00000000d5580000,0x00000000e0100000)
  from space 12288K, 99% used [0x00000000e0d80000,0x00000000e197fc50,0x00000000e1980000)
  to   space 12800K, 0% used [0x00000000e0100000,0x00000000e0100000,0x00000000e0d80000)
 ParOldGen       total 47104K, used 35506K [0x0000000080000000, 0x0000000082e00000, 0x00000000d5580000)
  object space 47104K, 75% used [0x0000000080000000,0x00000000822ac878,0x0000000082e00000)
 Metaspace       used 56839K, capacity 59076K, committed 59160K, reserved 1099776K
  class space    used 7788K, capacity 8313K, committed 8368K, reserved 1048576K
}
Event: 16.158 GC heap before
{Heap before GC invocations=15 (full 3):
 PSYoungGen      total 187904K, used 12287K [0x00000000d5580000, 0x00000000e1a80000, 0x0000000100000000)
  eden space 175616K, 0% used [0x00000000d5580000,0x00000000d5580000,0x00000000e0100000)
  from space 12288K, 99% used [0x00000000e0d80000,0x00000000e197fc50,0x00000000e1980000)
  to   space 12800K, 0% used [0x00000000e0100000,0x00000000e0100000,0x00000000e0d80000)
 ParOldGen       total 47104K, used 35506K [0x0000000080000000, 0x0000000082e00000, 0x00000000d5580000)
  object space 47104K, 75% used [0x0000000080000000,0x00000000822ac878,0x0000000082e00000)
 Metaspace       used 56839K, capacity 59076K, committed 59160K, reserved 1099776K
  class space    used 7788K, capacity 8313K, committed 8368K, reserved 1048576K
Event: 16.338 GC heap after
Heap after GC invocations=15 (full 3):
 PSYoungGen      total 187904K, used 0K [0x00000000d5580000, 0x00000000e1a80000, 0x0000000100000000)
  eden space 175616K, 0% used [0x00000000d5580000,0x00000000d5580000,0x00000000e0100000)
  from space 12288K, 0% used [0x00000000e0d80000,0x00000000e0d80000,0x00000000e1980000)
  to   space 12800K, 0% used [0x00000000e0100000,0x00000000e0100000,0x00000000e0d80000)
 ParOldGen       total 79872K, used 35388K [0x0000000080000000, 0x0000000084e00000, 0x00000000d5580000)
  object space 79872K, 44% used [0x0000000080000000,0x000000008228f3a8,0x0000000084e00000)
 Metaspace       used 56807K, capacity 58968K, committed 59160K, reserved 1099776K
  class space    used 7778K, capacity 8295K, committed 8368K, reserved 1048576K
}

