# JRE version: OpenJDK Runtime Environment (8.0_242-b01) (build 1.8.0_242-release-1644-b01)
# Java VM: OpenJDK 64-Bit Server VM (25.242-b01 mixed mode windows-amd64 compressed oops)
Heap:
 PSYoungGen      total 133120K, used 15153K [0x00000000d5580000, 0x00000000e1580000, 0x0000000100000000)
  eden space 123904K, 4% used [0x00000000d5580000,0x00000000d5b4f170,0x00000000dce80000)
  from space 9216K, 99% used [0x00000000dce80000,0x00000000dd77d5d8,0x00000000dd780000)
  to   space 12288K, 0% used [0x00000000e0980000,0x00000000e0980000,0x00000000e1580000)
 ParOldGen       total 32768K, used 11189K [0x0000000080000000, 0x0000000082000000, 0x00000000d5580000)
  object space 32768K, 34% used [0x0000000080000000,0x0000000080aed568,0x0000000082000000)
 Metaspace       used 32014K, capacity 32874K, committed 33072K, reserved 1077248K
  class space    used 4364K, capacity 4614K, committed 4656K, reserved 1048576K
GC Heap History (10 events):
Event: 1.790 GC heap before
{Heap before GC invocations=6 (full 0):
 PSYoungGen      total 34304K, used 34304K [0x00000000d5580000, 0x00000000d9e80000, 0x0000000100000000)
  eden space 31744K, 100% used [0x00000000d5580000,0x00000000d7480000,0x00000000d7480000)
  from space 2560K, 100% used [0x00000000d7480000,0x00000000d7700000,0x00000000d7700000)
  to   space 5632K, 0% used [0x00000000d9900000,0x00000000d9900000,0x00000000d9e80000)
 ParOldGen       total 42496K, used 4639K [0x0000000080000000, 0x0000000082980000, 0x00000000d5580000)
  object space 42496K, 10% used [0x0000000080000000,0x0000000080487e70,0x0000000082980000)
 Metaspace       used 14754K, capacity 15192K, committed 15488K, reserved 1062912K
  class space    used 1946K, capacity 2094K, committed 2176K, reserved 1048576K
Event: 1.796 GC heap after
Heap after GC invocations=6 (full 0):
 PSYoungGen      total 67584K, used 5606K [0x00000000d5580000, 0x00000000da180000, 0x0000000100000000)
  eden space 61952K, 0% used [0x00000000d5580000,0x00000000d5580000,0x00000000d9200000)
  from space 5632K, 99% used [0x00000000d9900000,0x00000000d9e79938,0x00000000d9e80000)
  to   space 7168K, 0% used [0x00000000d9200000,0x00000000d9200000,0x00000000d9900000)
 ParOldGen       total 42496K, used 5052K [0x0000000080000000, 0x0000000082980000, 0x00000000d5580000)
  object space 42496K, 11% used [0x0000000080000000,0x00000000804ef1f0,0x0000000082980000)
 Metaspace       used 14754K, capacity 15192K, committed 15488K, reserved 1062912K
  class space    used 1946K, capacity 2094K, committed 2176K, reserved 1048576K
}
Event: 2.321 GC heap before
{Heap before GC invocations=7 (full 0):
 PSYoungGen      total 67584K, used 67558K [0x00000000d5580000, 0x00000000da180000, 0x0000000100000000)
  eden space 61952K, 100% used [0x00000000d5580000,0x00000000d9200000,0x00000000d9200000)
  from space 5632K, 99% used [0x00000000d9900000,0x00000000d9e79938,0x00000000d9e80000)
  to   space 7168K, 0% used [0x00000000d9200000,0x00000000d9200000,0x00000000d9900000)
 ParOldGen       total 42496K, used 5052K [0x0000000080000000, 0x0000000082980000, 0x00000000d5580000)
  object space 42496K, 11% used [0x0000000080000000,0x00000000804ef1f0,0x0000000082980000)
 Metaspace       used 19948K, capacity 20538K, committed 20736K, reserved 1067008K
  class space    used 2790K, capacity 2973K, committed 3072K, reserved 1048576K
Event: 2.334 GC heap after
Heap after GC invocations=7 (full 0):
 PSYoungGen      total 69120K, used 7157K [0x00000000d5580000, 0x00000000de180000, 0x0000000100000000)
  eden space 61952K, 0% used [0x00000000d5580000,0x00000000d5580000,0x00000000d9200000)
  from space 7168K, 99% used [0x00000000d9200000,0x00000000d98fd480,0x00000000d9900000)
  to   space 9728K, 0% used [0x00000000dd800000,0x00000000dd800000,0x00000000de180000)
 ParOldGen       total 42496K, used 8475K [0x0000000080000000, 0x0000000082980000, 0x00000000d5580000)
  object space 42496K, 19% used [0x0000000080000000,0x0000000080846fb8,0x0000000082980000)
 Metaspace       used 19948K, capacity 20538K, committed 20736K, reserved 1067008K
  class space    used 2790K, capacity 2973K, committed 3072K, reserved 1048576K
}
Event: 2.417 GC heap before
{Heap before GC invocations=8 (full 0):
 PSYoungGen      total 69120K, used 15484K [0x00000000d5580000, 0x00000000de180000, 0x0000000100000000)
  eden space 61952K, 13% used [0x00000000d5580000,0x00000000d5da1d20,0x00000000d9200000)
  from space 7168K, 99% used [0x00000000d9200000,0x00000000d98fd480,0x00000000d9900000)
  to   space 9728K, 0% used [0x00000000dd800000,0x00000000dd800000,0x00000000de180000)
 ParOldGen       total 42496K, used 8475K [0x0000000080000000, 0x0000000082980000, 0x00000000d5580000)
  object space 42496K, 19% used [0x0000000080000000,0x0000000080846fb8,0x0000000082980000)
 Metaspace       used 20525K, capacity 21236K, committed 21296K, reserved 1067008K
  class space    used 2873K, capacity 3088K, committed 3120K, reserved 1048576K
Event: 2.424 GC heap after
Heap after GC invocations=8 (full 0):
 PSYoungGen      total 132608K, used 4675K [0x00000000d5580000, 0x00000000de080000, 0x0000000100000000)
  eden space 123904K, 0% used [0x00000000d5580000,0x00000000d5580000,0x00000000dce80000)
  from space 8704K, 53% used [0x00000000dd800000,0x00000000ddc90d18,0x00000000de080000)
  to   space 9216K, 0% used [0x00000000dce80000,0x00000000dce80000,0x00000000dd780000)
 ParOldGen       total 42496K, used 9059K [0x0000000080000000, 0x0000000082980000, 0x00000000d5580000)
  object space 42496K, 21% used [0x0000000080000000,0x00000000808d8fb8,0x0000000082980000)
 Metaspace       used 20525K, capacity 21236K, committed 21296K, reserved 1067008K
  class space    used 2873K, capacity 3088K, committed 3120K, reserved 1048576K
}
Event: 2.424 GC heap before
{Heap before GC invocations=9 (full 1):
 PSYoungGen      total 132608K, used 4675K [0x00000000d5580000, 0x00000000de080000, 0x0000000100000000)
  eden space 123904K, 0% used [0x00000000d5580000,0x00000000d5580000,0x00000000dce80000)
  from space 8704K, 53% used [0x00000000dd800000,0x00000000ddc90d18,0x00000000de080000)
  to   space 9216K, 0% used [0x00000000dce80000,0x00000000dce80000,0x00000000dd780000)
 ParOldGen       total 42496K, used 9059K [0x0000000080000000, 0x0000000082980000, 0x00000000d5580000)
  object space 42496K, 21% used [0x0000000080000000,0x00000000808d8fb8,0x0000000082980000)
 Metaspace       used 20525K, capacity 21236K, committed 21296K, reserved 1067008K
  class space    used 2873K, capacity 3088K, committed 3120K, reserved 1048576K
Event: 2.465 GC heap after
Heap after GC invocations=9 (full 1):
 PSYoungGen      total 132608K, used 0K [0x00000000d5580000, 0x00000000de080000, 0x0000000100000000)
  eden space 123904K, 0% used [0x00000000d5580000,0x00000000d5580000,0x00000000dce80000)
  from space 8704K, 0% used [0x00000000dd800000,0x00000000dd800000,0x00000000de080000)
  to   space 9216K, 0% used [0x00000000dce80000,0x00000000dce80000,0x00000000dd780000)
 ParOldGen       total 32768K, used 7659K [0x0000000080000000, 0x0000000082000000, 0x00000000d5580000)
  object space 32768K, 23% used [0x0000000080000000,0x000000008077ade0,0x0000000082000000)
 Metaspace       used 20525K, capacity 21236K, committed 21296K, reserved 1067008K
  class space    used 2873K, capacity 3088K, committed 3120K, reserved 1048576K
}
Event: 3.386 GC heap before
{Heap before GC invocations=10 (full 1):
 PSYoungGen      total 132608K, used 123904K [0x00000000d5580000, 0x00000000de080000, 0x0000000100000000)
  eden space 123904K, 100% used [0x00000000d5580000,0x00000000dce80000,0x00000000dce80000)
  from space 8704K, 0% used [0x00000000dd800000,0x00000000dd800000,0x00000000de080000)
  to   space 9216K, 0% used [0x00000000dce80000,0x00000000dce80000,0x00000000dd780000)
 ParOldGen       total 32768K, used 7659K [0x0000000080000000, 0x0000000082000000, 0x00000000d5580000)
  object space 32768K, 23% used [0x0000000080000000,0x000000008077ade0,0x0000000082000000)
 Metaspace       used 31773K, capacity 32542K, committed 32816K, reserved 1077248K
  class space    used 4318K, capacity 4547K, committed 4656K, reserved 1048576K
Event: 3.401 GC heap after
Heap after GC invocations=10 (full 1):
 PSYoungGen      total 133120K, used 9205K [0x00000000d5580000, 0x00000000e1580000, 0x0000000100000000)
  eden space 123904K, 0% used [0x00000000d5580000,0x00000000d5580000,0x00000000dce80000)
  from space 9216K, 99% used [0x00000000dce80000,0x00000000dd77d5d8,0x00000000dd780000)
  to   space 12288K, 0% used [0x00000000e0980000,0x00000000e0980000,0x00000000e1580000)
 ParOldGen       total 32768K, used 11189K [0x0000000080000000, 0x0000000082000000, 0x00000000d5580000)
  object space 32768K, 34% used [0x0000000080000000,0x0000000080aed568,0x0000000082000000)
 Metaspace       used 31773K, capacity 32542K, committed 32816K, reserved 1077248K
  class space    used 4318K, capacity 4547K, committed 4656K, reserved 1048576K
}

